2024-03-09 16:56:05,011 INFO [org.apache.hadoop.mapreduce.v2.app.MRAppMaster] - Created MRAppMaster for application appattempt_0_0000_000001
2024-03-09 16:56:05,013 INFO [org.apache.hadoop.mapreduce.v2.app.MRApp] - PathUsed: /Users/caohch1/Projects/bug-data/MP-4637/target/...
2024-03-09 16:56:05,165 INFO [org.apache.hadoop.mapreduce.v2.app.MRApp] - ****DISABLING SPECULATIVE EXECUTION*****
2024-03-09 16:56:05,198 INFO [org.apache.hadoop.mapreduce.v2.app.MRAppMaster] - OutputCommitter set in config null
2024-03-09 16:56:05,199 INFO [org.apache.hadoop.mapreduce.v2.app.MRAppMaster] - OutputCommitter is org.apache.hadoop.mapred.FileOutputCommitter
2024-03-09 16:56:05,199 INFO [org.apache.hadoop.mapreduce.v2.app.MRAppMaster] - Not starting RecoveryService: recoveryEnabled: true recoverySupportedByCommitter: true ApplicationAttemptID: 1
2024-03-09 16:56:05,202 INFO [org.apache.hadoop.yarn.event.AsyncDispatcher] - Registering class org.apache.hadoop.mapreduce.jobhistory.EventType for class org.apache.hadoop.mapreduce.v2.app.MRApp$3
2024-03-09 16:56:05,203 INFO [org.apache.hadoop.yarn.event.AsyncDispatcher] - Registering class org.apache.hadoop.mapreduce.v2.app.job.event.JobEventType for class org.apache.hadoop.mapreduce.v2.app.MRAppMaster$JobEventDispatcher
2024-03-09 16:56:05,203 INFO [org.apache.hadoop.yarn.event.AsyncDispatcher] - Registering class org.apache.hadoop.mapreduce.v2.app.job.event.TaskEventType for class org.apache.hadoop.mapreduce.v2.app.MRAppMaster$TaskEventDispatcher
2024-03-09 16:56:05,204 INFO [org.apache.hadoop.yarn.event.AsyncDispatcher] - Registering class org.apache.hadoop.mapreduce.v2.app.job.event.TaskAttemptEventType for class org.apache.hadoop.mapreduce.v2.app.MRAppMaster$TaskAttemptEventDispatcher
2024-03-09 16:56:05,204 INFO [org.apache.hadoop.yarn.event.AsyncDispatcher] - Registering class org.apache.hadoop.mapreduce.v2.app.taskclean.TaskCleaner$EventType for class org.apache.hadoop.mapreduce.v2.app.MRApp$4
2024-03-09 16:56:05,204 INFO [org.apache.hadoop.yarn.event.AsyncDispatcher] - Registering class org.apache.hadoop.mapreduce.v2.app.speculate.Speculator$EventType for class org.apache.hadoop.mapreduce.v2.app.MRAppMaster$SpeculatorEventDispatcher
2024-03-09 16:56:05,205 INFO [org.apache.hadoop.yarn.event.AsyncDispatcher] - Registering class org.apache.hadoop.mapreduce.v2.app.rm.ContainerAllocator$EventType for class org.apache.hadoop.mapreduce.v2.app.MRApp$MRAppContainerAllocator
2024-03-09 16:56:05,206 INFO [org.apache.hadoop.yarn.event.AsyncDispatcher] - Registering class org.apache.hadoop.mapreduce.v2.app.launcher.ContainerLauncher$EventType for class org.apache.hadoop.mapreduce.v2.app.MRApp$MockContainerLauncher
2024-03-09 16:56:05,206 INFO [org.apache.hadoop.yarn.service.AbstractService] - Service:Dispatcher is inited.
2024-03-09 16:56:05,206 INFO [org.apache.hadoop.yarn.service.AbstractService] - Service:org.apache.hadoop.mapreduce.v2.app.MRAppMaster$StagingDirCleaningService is inited.
2024-03-09 16:56:05,206 INFO [org.apache.hadoop.yarn.service.AbstractService] - Service:org.apache.hadoop.mapreduce.v2.app.MRAppMaster is inited.
2024-03-09 16:56:05,259 INFO [org.apache.hadoop.yarn.event.AsyncDispatcher] - Registering class org.apache.hadoop.mapreduce.v2.app.job.event.JobFinishEvent$Type for class org.apache.hadoop.mapreduce.v2.app.MRApp$1
2024-03-09 16:56:05,414 WARN [org.apache.hadoop.metrics2.impl.MetricsConfig] - Cannot locate configuration: tried hadoop-metrics2-mrappmaster.properties,hadoop-metrics2.properties
2024-03-09 16:56:05,487 INFO [org.apache.hadoop.metrics2.impl.MetricsSystemImpl] - Scheduled snapshot period at 10 second(s).
2024-03-09 16:56:05,488 INFO [org.apache.hadoop.metrics2.impl.MetricsSystemImpl] - MRAppMaster metrics system started
2024-03-09 16:56:05,524 INFO [org.apache.hadoop.mapreduce.v2.app.job.impl.JobImpl] - Adding job token for job_0_0000 to jobTokenSecretManager
2024-03-09 16:56:05,528 INFO [org.apache.hadoop.mapreduce.v2.app.job.impl.JobImpl] - Not uberizing job_0_0000 because: not enabled; too many maps;
2024-03-09 16:56:05,529 WARN [org.apache.hadoop.mapreduce.lib.output.FileOutputCommitter] - Output Path is null in setupJob()
2024-03-09 16:56:05,541 INFO [org.apache.hadoop.mapreduce.v2.app.job.impl.JobImpl] - Input size for job job_0_0000 = 0. Number of splits = 100
2024-03-09 16:56:05,541 INFO [org.apache.hadoop.mapreduce.v2.app.job.impl.JobImpl] - Number of reduces for job job_0_0000 = 0
2024-03-09 16:56:05,541 INFO [org.apache.hadoop.mapreduce.v2.app.job.impl.JobImpl] - job_0_0000Job Transitioned from NEW to INITED
2024-03-09 16:56:05,542 INFO [org.apache.hadoop.mapreduce.v2.app.MRAppMaster] - MRAppMaster launching normal, non-uberized, multi-container job job_0_0000.
2024-03-09 16:56:05,542 INFO [org.apache.hadoop.yarn.service.AbstractService] - Service:Dispatcher is started.
2024-03-09 16:56:05,542 INFO [org.apache.hadoop.yarn.service.AbstractService] - Service:org.apache.hadoop.mapreduce.v2.app.MRAppMaster$StagingDirCleaningService is started.
2024-03-09 16:56:05,542 INFO [org.apache.hadoop.yarn.service.AbstractService] - Service:org.apache.hadoop.mapreduce.v2.app.MRAppMaster is started.
2024-03-09 16:56:05,542 INFO [org.apache.hadoop.metrics2.impl.MetricsSystemImpl] - Stopping MRAppMaster metrics system...
2024-03-09 16:56:05,543 INFO [org.apache.hadoop.metrics2.impl.MetricsSystemImpl] - MRAppMaster metrics system stopped.
2024-03-09 16:56:05,544 INFO [org.apache.hadoop.metrics2.impl.MetricsSystemImpl] - MRAppMaster metrics system shutdown complete.
2024-03-09 16:56:05,544 INFO [org.apache.hadoop.mapreduce.v2.app.MRApp] - Writing job conf to /Users/caohch1/Projects/bug-data/MP-4637/target/.../caohch1/.staging/job_0_0000/job.xml
2024-03-09 16:56:05,548 INFO [org.apache.hadoop.mapreduce.v2.app.job.impl.JobImpl] - job_0_0000Job Transitioned from INITED to RUNNING
2024-03-09 16:56:05,550 WARN [org.apache.hadoop.conf.Configuration] - mapred.map.tasks.speculative.execution is deprecated. Instead, use mapreduce.map.speculative
2024-03-09 16:56:05,550 WARN [org.apache.hadoop.conf.Configuration] - user.name is deprecated. Instead, use mapreduce.job.user.name
2024-03-09 16:56:05,551 WARN [org.apache.hadoop.conf.Configuration] - mapred.reduce.tasks.speculative.execution is deprecated. Instead, use mapreduce.reduce.speculative
2024-03-09 16:56:05,575 INFO [org.apache.hadoop.mapreduce.v2.app.job.impl.TaskImpl] - task_0_0000_m_000000 Task Transitioned from NEW to SCHEDULED
2024-03-09 16:56:05,575 INFO [org.apache.hadoop.mapreduce.v2.app.job.impl.TaskImpl] - task_0_0000_m_000001 Task Transitioned from NEW to SCHEDULED
2024-03-09 16:56:05,575 INFO [org.apache.hadoop.mapreduce.v2.app.job.impl.TaskImpl] - task_0_0000_m_000002 Task Transitioned from NEW to SCHEDULED
2024-03-09 16:56:05,575 INFO [org.apache.hadoop.mapreduce.v2.app.job.impl.TaskImpl] - task_0_0000_m_000003 Task Transitioned from NEW to SCHEDULED
2024-03-09 16:56:05,575 INFO [org.apache.hadoop.mapreduce.v2.app.job.impl.TaskImpl] - task_0_0000_m_000004 Task Transitioned from NEW to SCHEDULED
2024-03-09 16:56:05,575 INFO [org.apache.hadoop.mapreduce.v2.app.job.impl.TaskImpl] - task_0_0000_m_000005 Task Transitioned from NEW to SCHEDULED
2024-03-09 16:56:05,576 INFO [org.apache.hadoop.mapreduce.v2.app.job.impl.TaskImpl] - task_0_0000_m_000006 Task Transitioned from NEW to SCHEDULED
2024-03-09 16:56:05,576 INFO [org.apache.hadoop.mapreduce.v2.app.job.impl.TaskImpl] - task_0_0000_m_000007 Task Transitioned from NEW to SCHEDULED
2024-03-09 16:56:05,577 INFO [org.apache.hadoop.mapreduce.v2.app.job.impl.TaskImpl] - task_0_0000_m_000008 Task Transitioned from NEW to SCHEDULED
2024-03-09 16:56:05,577 INFO [org.apache.hadoop.mapreduce.v2.app.job.impl.TaskImpl] - task_0_0000_m_000009 Task Transitioned from NEW to SCHEDULED
2024-03-09 16:56:05,577 INFO [org.apache.hadoop.mapreduce.v2.app.job.impl.TaskImpl] - task_0_0000_m_000010 Task Transitioned from NEW to SCHEDULED
2024-03-09 16:56:05,582 INFO [org.apache.hadoop.mapreduce.v2.app.job.impl.TaskImpl] - task_0_0000_m_000011 Task Transitioned from NEW to SCHEDULED
2024-03-09 16:56:05,582 INFO [org.apache.hadoop.mapreduce.v2.app.job.impl.TaskImpl] - task_0_0000_m_000012 Task Transitioned from NEW to SCHEDULED
2024-03-09 16:56:05,583 INFO [org.apache.hadoop.mapreduce.v2.app.job.impl.TaskImpl] - task_0_0000_m_000013 Task Transitioned from NEW to SCHEDULED
2024-03-09 16:56:05,584 INFO [org.apache.hadoop.mapreduce.v2.app.job.impl.TaskImpl] - task_0_0000_m_000014 Task Transitioned from NEW to SCHEDULED
2024-03-09 16:56:05,584 INFO [org.apache.hadoop.mapreduce.v2.app.job.impl.TaskImpl] - task_0_0000_m_000015 Task Transitioned from NEW to SCHEDULED
2024-03-09 16:56:05,584 INFO [org.apache.hadoop.mapreduce.v2.app.job.impl.TaskImpl] - task_0_0000_m_000016 Task Transitioned from NEW to SCHEDULED
2024-03-09 16:56:05,585 INFO [org.apache.hadoop.mapreduce.v2.app.job.impl.TaskImpl] - task_0_0000_m_000017 Task Transitioned from NEW to SCHEDULED
2024-03-09 16:56:05,585 INFO [org.apache.hadoop.mapreduce.v2.app.job.impl.TaskImpl] - task_0_0000_m_000018 Task Transitioned from NEW to SCHEDULED
2024-03-09 16:56:05,585 INFO [org.apache.hadoop.mapreduce.v2.app.job.impl.TaskImpl] - task_0_0000_m_000019 Task Transitioned from NEW to SCHEDULED
2024-03-09 16:56:05,585 INFO [org.apache.hadoop.mapreduce.v2.app.job.impl.TaskImpl] - task_0_0000_m_000020 Task Transitioned from NEW to SCHEDULED
2024-03-09 16:56:05,585 INFO [org.apache.hadoop.mapreduce.v2.app.job.impl.TaskImpl] - task_0_0000_m_000021 Task Transitioned from NEW to SCHEDULED
2024-03-09 16:56:05,585 INFO [org.apache.hadoop.mapreduce.v2.app.job.impl.TaskImpl] - task_0_0000_m_000022 Task Transitioned from NEW to SCHEDULED
2024-03-09 16:56:05,587 INFO [org.apache.hadoop.mapreduce.v2.app.job.impl.TaskImpl] - task_0_0000_m_000023 Task Transitioned from NEW to SCHEDULED
2024-03-09 16:56:05,588 INFO [org.apache.hadoop.mapreduce.v2.app.job.impl.TaskImpl] - task_0_0000_m_000024 Task Transitioned from NEW to SCHEDULED
2024-03-09 16:56:05,589 INFO [org.apache.hadoop.mapreduce.v2.app.job.impl.TaskImpl] - task_0_0000_m_000025 Task Transitioned from NEW to SCHEDULED
2024-03-09 16:56:05,589 INFO [org.apache.hadoop.mapreduce.v2.app.job.impl.TaskImpl] - task_0_0000_m_000026 Task Transitioned from NEW to SCHEDULED
2024-03-09 16:56:05,589 INFO [org.apache.hadoop.mapreduce.v2.app.job.impl.TaskImpl] - task_0_0000_m_000027 Task Transitioned from NEW to SCHEDULED
2024-03-09 16:56:05,590 INFO [org.apache.hadoop.mapreduce.v2.app.job.impl.TaskImpl] - task_0_0000_m_000028 Task Transitioned from NEW to SCHEDULED
2024-03-09 16:56:05,591 INFO [org.apache.hadoop.mapreduce.v2.app.job.impl.TaskImpl] - task_0_0000_m_000029 Task Transitioned from NEW to SCHEDULED
2024-03-09 16:56:05,591 INFO [org.apache.hadoop.mapreduce.v2.app.job.impl.TaskImpl] - task_0_0000_m_000030 Task Transitioned from NEW to SCHEDULED
2024-03-09 16:56:05,591 INFO [org.apache.hadoop.mapreduce.v2.app.job.impl.TaskImpl] - task_0_0000_m_000031 Task Transitioned from NEW to SCHEDULED
2024-03-09 16:56:05,591 INFO [org.apache.hadoop.mapreduce.v2.app.job.impl.TaskImpl] - task_0_0000_m_000032 Task Transitioned from NEW to SCHEDULED
2024-03-09 16:56:05,591 INFO [org.apache.hadoop.mapreduce.v2.app.job.impl.TaskImpl] - task_0_0000_m_000033 Task Transitioned from NEW to SCHEDULED
2024-03-09 16:56:05,591 INFO [org.apache.hadoop.mapreduce.v2.app.job.impl.TaskImpl] - task_0_0000_m_000034 Task Transitioned from NEW to SCHEDULED
2024-03-09 16:56:05,592 INFO [org.apache.hadoop.mapreduce.v2.app.job.impl.TaskImpl] - task_0_0000_m_000035 Task Transitioned from NEW to SCHEDULED
2024-03-09 16:56:05,592 INFO [org.apache.hadoop.mapreduce.v2.app.job.impl.TaskImpl] - task_0_0000_m_000036 Task Transitioned from NEW to SCHEDULED
2024-03-09 16:56:05,592 INFO [org.apache.hadoop.mapreduce.v2.app.job.impl.TaskImpl] - task_0_0000_m_000037 Task Transitioned from NEW to SCHEDULED
2024-03-09 16:56:05,592 INFO [org.apache.hadoop.mapreduce.v2.app.job.impl.TaskImpl] - task_0_0000_m_000038 Task Transitioned from NEW to SCHEDULED
2024-03-09 16:56:05,592 INFO [org.apache.hadoop.mapreduce.v2.app.job.impl.TaskImpl] - task_0_0000_m_000039 Task Transitioned from NEW to SCHEDULED
2024-03-09 16:56:05,594 INFO [org.apache.hadoop.mapreduce.v2.app.job.impl.TaskImpl] - task_0_0000_m_000040 Task Transitioned from NEW to SCHEDULED
2024-03-09 16:56:05,594 INFO [org.apache.hadoop.mapreduce.v2.app.job.impl.TaskImpl] - task_0_0000_m_000041 Task Transitioned from NEW to SCHEDULED
2024-03-09 16:56:05,595 INFO [org.apache.hadoop.mapreduce.v2.app.job.impl.TaskImpl] - task_0_0000_m_000042 Task Transitioned from NEW to SCHEDULED
2024-03-09 16:56:05,595 INFO [org.apache.hadoop.mapreduce.v2.app.job.impl.TaskImpl] - task_0_0000_m_000043 Task Transitioned from NEW to SCHEDULED
2024-03-09 16:56:05,595 INFO [org.apache.hadoop.mapreduce.v2.app.job.impl.TaskImpl] - task_0_0000_m_000044 Task Transitioned from NEW to SCHEDULED
2024-03-09 16:56:05,595 INFO [org.apache.hadoop.mapreduce.v2.app.job.impl.TaskImpl] - task_0_0000_m_000045 Task Transitioned from NEW to SCHEDULED
2024-03-09 16:56:05,595 INFO [org.apache.hadoop.mapreduce.v2.app.job.impl.TaskImpl] - task_0_0000_m_000046 Task Transitioned from NEW to SCHEDULED
2024-03-09 16:56:05,595 INFO [org.apache.hadoop.mapreduce.v2.app.job.impl.TaskImpl] - task_0_0000_m_000047 Task Transitioned from NEW to SCHEDULED
2024-03-09 16:56:05,595 INFO [org.apache.hadoop.mapreduce.v2.app.job.impl.TaskImpl] - task_0_0000_m_000048 Task Transitioned from NEW to SCHEDULED
2024-03-09 16:56:05,596 INFO [org.apache.hadoop.mapreduce.v2.app.job.impl.TaskImpl] - task_0_0000_m_000049 Task Transitioned from NEW to SCHEDULED
2024-03-09 16:56:05,597 INFO [org.apache.hadoop.mapreduce.v2.app.job.impl.TaskImpl] - task_0_0000_m_000050 Task Transitioned from NEW to SCHEDULED
2024-03-09 16:56:05,598 INFO [org.apache.hadoop.mapreduce.v2.app.job.impl.TaskImpl] - task_0_0000_m_000051 Task Transitioned from NEW to SCHEDULED
2024-03-09 16:56:05,598 INFO [org.apache.hadoop.mapreduce.v2.app.job.impl.TaskImpl] - task_0_0000_m_000052 Task Transitioned from NEW to SCHEDULED
2024-03-09 16:56:05,598 INFO [org.apache.hadoop.mapreduce.v2.app.job.impl.TaskImpl] - task_0_0000_m_000053 Task Transitioned from NEW to SCHEDULED
2024-03-09 16:56:05,598 INFO [org.apache.hadoop.mapreduce.v2.app.job.impl.TaskImpl] - task_0_0000_m_000054 Task Transitioned from NEW to SCHEDULED
2024-03-09 16:56:05,598 INFO [org.apache.hadoop.mapreduce.v2.app.job.impl.TaskImpl] - task_0_0000_m_000055 Task Transitioned from NEW to SCHEDULED
2024-03-09 16:56:05,599 INFO [org.apache.hadoop.mapreduce.v2.app.job.impl.TaskImpl] - task_0_0000_m_000056 Task Transitioned from NEW to SCHEDULED
2024-03-09 16:56:05,600 INFO [org.apache.hadoop.mapreduce.v2.app.job.impl.TaskImpl] - task_0_0000_m_000057 Task Transitioned from NEW to SCHEDULED
2024-03-09 16:56:05,600 INFO [org.apache.hadoop.mapreduce.v2.app.job.impl.TaskImpl] - task_0_0000_m_000058 Task Transitioned from NEW to SCHEDULED
2024-03-09 16:56:05,602 INFO [org.apache.hadoop.mapreduce.v2.app.job.impl.TaskImpl] - task_0_0000_m_000059 Task Transitioned from NEW to SCHEDULED
2024-03-09 16:56:05,602 INFO [org.apache.hadoop.mapreduce.v2.app.job.impl.TaskImpl] - task_0_0000_m_000060 Task Transitioned from NEW to SCHEDULED
2024-03-09 16:56:05,602 INFO [org.apache.hadoop.mapreduce.v2.app.job.impl.TaskImpl] - task_0_0000_m_000061 Task Transitioned from NEW to SCHEDULED
2024-03-09 16:56:05,602 INFO [org.apache.hadoop.mapreduce.v2.app.job.impl.TaskImpl] - task_0_0000_m_000062 Task Transitioned from NEW to SCHEDULED
2024-03-09 16:56:05,603 INFO [org.apache.hadoop.mapreduce.v2.app.job.impl.TaskImpl] - task_0_0000_m_000063 Task Transitioned from NEW to SCHEDULED
2024-03-09 16:56:05,603 INFO [org.apache.hadoop.mapreduce.v2.app.job.impl.TaskImpl] - task_0_0000_m_000064 Task Transitioned from NEW to SCHEDULED
2024-03-09 16:56:05,603 INFO [org.apache.hadoop.mapreduce.v2.app.job.impl.TaskImpl] - task_0_0000_m_000065 Task Transitioned from NEW to SCHEDULED
2024-03-09 16:56:05,603 INFO [org.apache.hadoop.mapreduce.v2.app.job.impl.TaskImpl] - task_0_0000_m_000066 Task Transitioned from NEW to SCHEDULED
2024-03-09 16:56:05,604 INFO [org.apache.hadoop.mapreduce.v2.app.job.impl.TaskImpl] - task_0_0000_m_000067 Task Transitioned from NEW to SCHEDULED
2024-03-09 16:56:05,604 INFO [org.apache.hadoop.mapreduce.v2.app.job.impl.TaskImpl] - task_0_0000_m_000068 Task Transitioned from NEW to SCHEDULED
2024-03-09 16:56:05,604 INFO [org.apache.hadoop.mapreduce.v2.app.job.impl.TaskImpl] - task_0_0000_m_000069 Task Transitioned from NEW to SCHEDULED
2024-03-09 16:56:05,604 INFO [org.apache.hadoop.mapreduce.v2.app.job.impl.TaskImpl] - task_0_0000_m_000070 Task Transitioned from NEW to SCHEDULED
2024-03-09 16:56:05,604 INFO [org.apache.hadoop.mapreduce.v2.app.job.impl.TaskImpl] - task_0_0000_m_000071 Task Transitioned from NEW to SCHEDULED
2024-03-09 16:56:05,604 INFO [org.apache.hadoop.mapreduce.v2.app.job.impl.TaskImpl] - task_0_0000_m_000072 Task Transitioned from NEW to SCHEDULED
2024-03-09 16:56:05,604 INFO [org.apache.hadoop.mapreduce.v2.app.job.impl.TaskImpl] - task_0_0000_m_000073 Task Transitioned from NEW to SCHEDULED
2024-03-09 16:56:05,604 INFO [org.apache.hadoop.mapreduce.v2.app.job.impl.TaskImpl] - task_0_0000_m_000074 Task Transitioned from NEW to SCHEDULED
2024-03-09 16:56:05,604 INFO [org.apache.hadoop.mapreduce.v2.app.job.impl.TaskImpl] - task_0_0000_m_000075 Task Transitioned from NEW to SCHEDULED
2024-03-09 16:56:05,604 INFO [org.apache.hadoop.mapreduce.v2.app.job.impl.TaskImpl] - task_0_0000_m_000076 Task Transitioned from NEW to SCHEDULED
2024-03-09 16:56:05,604 INFO [org.apache.hadoop.mapreduce.v2.app.job.impl.TaskImpl] - task_0_0000_m_000077 Task Transitioned from NEW to SCHEDULED
2024-03-09 16:56:05,605 INFO [org.apache.hadoop.mapreduce.v2.app.job.impl.TaskImpl] - task_0_0000_m_000078 Task Transitioned from NEW to SCHEDULED
2024-03-09 16:56:05,605 INFO [org.apache.hadoop.mapreduce.v2.app.job.impl.TaskImpl] - task_0_0000_m_000079 Task Transitioned from NEW to SCHEDULED
2024-03-09 16:56:05,605 INFO [org.apache.hadoop.mapreduce.v2.app.job.impl.TaskImpl] - task_0_0000_m_000080 Task Transitioned from NEW to SCHEDULED
2024-03-09 16:56:05,605 INFO [org.apache.hadoop.mapreduce.v2.app.job.impl.TaskImpl] - task_0_0000_m_000081 Task Transitioned from NEW to SCHEDULED
2024-03-09 16:56:05,605 INFO [org.apache.hadoop.mapreduce.v2.app.job.impl.TaskImpl] - task_0_0000_m_000082 Task Transitioned from NEW to SCHEDULED
2024-03-09 16:56:05,605 INFO [org.apache.hadoop.mapreduce.v2.app.job.impl.TaskImpl] - task_0_0000_m_000083 Task Transitioned from NEW to SCHEDULED
2024-03-09 16:56:05,606 INFO [org.apache.hadoop.mapreduce.v2.app.job.impl.TaskImpl] - task_0_0000_m_000084 Task Transitioned from NEW to SCHEDULED
2024-03-09 16:56:05,606 INFO [org.apache.hadoop.mapreduce.v2.app.job.impl.TaskImpl] - task_0_0000_m_000085 Task Transitioned from NEW to SCHEDULED
2024-03-09 16:56:05,606 INFO [org.apache.hadoop.mapreduce.v2.app.job.impl.TaskImpl] - task_0_0000_m_000086 Task Transitioned from NEW to SCHEDULED
2024-03-09 16:56:05,606 INFO [org.apache.hadoop.mapreduce.v2.app.job.impl.TaskImpl] - task_0_0000_m_000087 Task Transitioned from NEW to SCHEDULED
2024-03-09 16:56:05,607 INFO [org.apache.hadoop.mapreduce.v2.app.job.impl.TaskImpl] - task_0_0000_m_000088 Task Transitioned from NEW to SCHEDULED
2024-03-09 16:56:05,607 INFO [org.apache.hadoop.mapreduce.v2.app.job.impl.TaskImpl] - task_0_0000_m_000089 Task Transitioned from NEW to SCHEDULED
2024-03-09 16:56:05,607 INFO [org.apache.hadoop.mapreduce.v2.app.job.impl.TaskImpl] - task_0_0000_m_000090 Task Transitioned from NEW to SCHEDULED
2024-03-09 16:56:05,607 INFO [org.apache.hadoop.mapreduce.v2.app.job.impl.TaskImpl] - task_0_0000_m_000091 Task Transitioned from NEW to SCHEDULED
2024-03-09 16:56:05,612 INFO [org.apache.hadoop.mapreduce.v2.app.job.impl.TaskImpl] - task_0_0000_m_000092 Task Transitioned from NEW to SCHEDULED
2024-03-09 16:56:05,614 INFO [org.apache.hadoop.mapreduce.v2.app.job.impl.TaskImpl] - task_0_0000_m_000093 Task Transitioned from NEW to SCHEDULED
2024-03-09 16:56:05,614 INFO [org.apache.hadoop.mapreduce.v2.app.job.impl.TaskImpl] - task_0_0000_m_000094 Task Transitioned from NEW to SCHEDULED
2024-03-09 16:56:05,614 INFO [org.apache.hadoop.mapreduce.v2.app.job.impl.TaskImpl] - task_0_0000_m_000095 Task Transitioned from NEW to SCHEDULED
2024-03-09 16:56:05,614 INFO [org.apache.hadoop.mapreduce.v2.app.job.impl.TaskImpl] - task_0_0000_m_000096 Task Transitioned from NEW to SCHEDULED
2024-03-09 16:56:05,614 INFO [org.apache.hadoop.mapreduce.v2.app.job.impl.TaskImpl] - task_0_0000_m_000097 Task Transitioned from NEW to SCHEDULED
2024-03-09 16:56:05,614 INFO [org.apache.hadoop.mapreduce.v2.app.job.impl.TaskImpl] - task_0_0000_m_000098 Task Transitioned from NEW to SCHEDULED
2024-03-09 16:56:05,614 INFO [org.apache.hadoop.mapreduce.v2.app.job.impl.TaskImpl] - task_0_0000_m_000099 Task Transitioned from NEW to SCHEDULED
2024-03-09 16:56:05,624 INFO [org.apache.hadoop.mapreduce.v2.app.job.impl.TaskAttemptImpl] - attempt_0_0000_m_000000_0 TaskAttempt Transitioned from NEW to UNASSIGNED
2024-03-09 16:56:05,625 INFO [org.apache.hadoop.mapreduce.v2.app.job.impl.TaskAttemptImpl] - attempt_0_0000_m_000001_0 TaskAttempt Transitioned from NEW to UNASSIGNED
2024-03-09 16:56:05,625 INFO [org.apache.hadoop.mapreduce.v2.app.job.impl.TaskAttemptImpl] - attempt_0_0000_m_000002_0 TaskAttempt Transitioned from NEW to UNASSIGNED
2024-03-09 16:56:05,625 INFO [org.apache.hadoop.mapreduce.v2.app.job.impl.TaskAttemptImpl] - attempt_0_0000_m_000003_0 TaskAttempt Transitioned from NEW to UNASSIGNED
2024-03-09 16:56:05,625 INFO [org.apache.hadoop.mapreduce.v2.app.job.impl.TaskAttemptImpl] - attempt_0_0000_m_000004_0 TaskAttempt Transitioned from NEW to UNASSIGNED
2024-03-09 16:56:05,625 INFO [org.apache.hadoop.mapreduce.v2.app.job.impl.TaskAttemptImpl] - attempt_0_0000_m_000005_0 TaskAttempt Transitioned from NEW to UNASSIGNED
2024-03-09 16:56:05,625 INFO [org.apache.hadoop.mapreduce.v2.app.job.impl.TaskAttemptImpl] - attempt_0_0000_m_000006_0 TaskAttempt Transitioned from NEW to UNASSIGNED
2024-03-09 16:56:05,626 INFO [org.apache.hadoop.mapreduce.v2.app.job.impl.TaskAttemptImpl] - attempt_0_0000_m_000007_0 TaskAttempt Transitioned from NEW to UNASSIGNED
2024-03-09 16:56:05,626 INFO [org.apache.hadoop.mapreduce.v2.app.job.impl.TaskAttemptImpl] - attempt_0_0000_m_000008_0 TaskAttempt Transitioned from NEW to UNASSIGNED
2024-03-09 16:56:05,626 INFO [org.apache.hadoop.mapreduce.v2.app.job.impl.TaskAttemptImpl] - attempt_0_0000_m_000009_0 TaskAttempt Transitioned from NEW to UNASSIGNED
2024-03-09 16:56:05,626 INFO [org.apache.hadoop.mapreduce.v2.app.job.impl.TaskAttemptImpl] - attempt_0_0000_m_000010_0 TaskAttempt Transitioned from NEW to UNASSIGNED
2024-03-09 16:56:05,626 INFO [org.apache.hadoop.mapreduce.v2.app.job.impl.TaskAttemptImpl] - attempt_0_0000_m_000011_0 TaskAttempt Transitioned from NEW to UNASSIGNED
2024-03-09 16:56:05,626 INFO [org.apache.hadoop.mapreduce.v2.app.job.impl.TaskAttemptImpl] - attempt_0_0000_m_000012_0 TaskAttempt Transitioned from NEW to UNASSIGNED
2024-03-09 16:56:05,626 INFO [org.apache.hadoop.mapreduce.v2.app.job.impl.TaskAttemptImpl] - attempt_0_0000_m_000013_0 TaskAttempt Transitioned from NEW to UNASSIGNED
2024-03-09 16:56:05,627 INFO [org.apache.hadoop.mapreduce.v2.app.job.impl.TaskAttemptImpl] - attempt_0_0000_m_000014_0 TaskAttempt Transitioned from NEW to UNASSIGNED
2024-03-09 16:56:05,627 INFO [org.apache.hadoop.mapreduce.v2.app.job.impl.TaskAttemptImpl] - attempt_0_0000_m_000015_0 TaskAttempt Transitioned from NEW to UNASSIGNED
2024-03-09 16:56:05,627 INFO [org.apache.hadoop.mapreduce.v2.app.job.impl.TaskAttemptImpl] - attempt_0_0000_m_000016_0 TaskAttempt Transitioned from NEW to UNASSIGNED
2024-03-09 16:56:05,627 INFO [org.apache.hadoop.mapreduce.v2.app.job.impl.TaskAttemptImpl] - attempt_0_0000_m_000017_0 TaskAttempt Transitioned from NEW to UNASSIGNED
2024-03-09 16:56:05,627 INFO [org.apache.hadoop.mapreduce.v2.app.job.impl.TaskAttemptImpl] - attempt_0_0000_m_000018_0 TaskAttempt Transitioned from NEW to UNASSIGNED
2024-03-09 16:56:05,627 INFO [org.apache.hadoop.mapreduce.v2.app.job.impl.TaskAttemptImpl] - attempt_0_0000_m_000019_0 TaskAttempt Transitioned from NEW to UNASSIGNED
2024-03-09 16:56:05,627 INFO [org.apache.hadoop.mapreduce.v2.app.job.impl.TaskAttemptImpl] - attempt_0_0000_m_000020_0 TaskAttempt Transitioned from NEW to UNASSIGNED
2024-03-09 16:56:05,627 INFO [org.apache.hadoop.mapreduce.v2.app.job.impl.TaskAttemptImpl] - attempt_0_0000_m_000021_0 TaskAttempt Transitioned from NEW to UNASSIGNED
2024-03-09 16:56:05,627 INFO [org.apache.hadoop.mapreduce.v2.app.job.impl.TaskAttemptImpl] - attempt_0_0000_m_000022_0 TaskAttempt Transitioned from NEW to UNASSIGNED
2024-03-09 16:56:05,627 INFO [org.apache.hadoop.mapreduce.v2.app.job.impl.TaskAttemptImpl] - attempt_0_0000_m_000023_0 TaskAttempt Transitioned from NEW to UNASSIGNED
2024-03-09 16:56:05,627 INFO [org.apache.hadoop.mapreduce.v2.app.job.impl.TaskAttemptImpl] - attempt_0_0000_m_000024_0 TaskAttempt Transitioned from NEW to UNASSIGNED
2024-03-09 16:56:05,627 INFO [org.apache.hadoop.mapreduce.v2.app.job.impl.TaskAttemptImpl] - attempt_0_0000_m_000025_0 TaskAttempt Transitioned from NEW to UNASSIGNED
2024-03-09 16:56:05,628 INFO [org.apache.hadoop.mapreduce.v2.app.job.impl.TaskAttemptImpl] - attempt_0_0000_m_000026_0 TaskAttempt Transitioned from NEW to UNASSIGNED
2024-03-09 16:56:05,628 INFO [org.apache.hadoop.mapreduce.v2.app.job.impl.TaskAttemptImpl] - attempt_0_0000_m_000027_0 TaskAttempt Transitioned from NEW to UNASSIGNED
2024-03-09 16:56:05,628 INFO [org.apache.hadoop.mapreduce.v2.app.job.impl.TaskAttemptImpl] - attempt_0_0000_m_000028_0 TaskAttempt Transitioned from NEW to UNASSIGNED
2024-03-09 16:56:05,628 INFO [org.apache.hadoop.mapreduce.v2.app.job.impl.TaskAttemptImpl] - attempt_0_0000_m_000029_0 TaskAttempt Transitioned from NEW to UNASSIGNED
2024-03-09 16:56:05,629 INFO [org.apache.hadoop.mapreduce.v2.app.job.impl.TaskAttemptImpl] - attempt_0_0000_m_000030_0 TaskAttempt Transitioned from NEW to UNASSIGNED
2024-03-09 16:56:05,629 INFO [org.apache.hadoop.mapreduce.v2.app.job.impl.TaskAttemptImpl] - attempt_0_0000_m_000031_0 TaskAttempt Transitioned from NEW to UNASSIGNED
2024-03-09 16:56:05,629 INFO [org.apache.hadoop.mapreduce.v2.app.job.impl.TaskAttemptImpl] - attempt_0_0000_m_000032_0 TaskAttempt Transitioned from NEW to UNASSIGNED
2024-03-09 16:56:05,629 INFO [org.apache.hadoop.mapreduce.v2.app.job.impl.TaskAttemptImpl] - attempt_0_0000_m_000033_0 TaskAttempt Transitioned from NEW to UNASSIGNED
2024-03-09 16:56:05,629 INFO [org.apache.hadoop.mapreduce.v2.app.job.impl.TaskAttemptImpl] - attempt_0_0000_m_000034_0 TaskAttempt Transitioned from NEW to UNASSIGNED
2024-03-09 16:56:05,629 INFO [org.apache.hadoop.mapreduce.v2.app.job.impl.TaskAttemptImpl] - attempt_0_0000_m_000035_0 TaskAttempt Transitioned from NEW to UNASSIGNED
2024-03-09 16:56:05,630 INFO [org.apache.hadoop.mapreduce.v2.app.job.impl.TaskAttemptImpl] - attempt_0_0000_m_000036_0 TaskAttempt Transitioned from NEW to UNASSIGNED
2024-03-09 16:56:05,630 INFO [org.apache.hadoop.mapreduce.v2.app.job.impl.TaskAttemptImpl] - attempt_0_0000_m_000037_0 TaskAttempt Transitioned from NEW to UNASSIGNED
2024-03-09 16:56:05,630 INFO [org.apache.hadoop.mapreduce.v2.app.job.impl.TaskAttemptImpl] - attempt_0_0000_m_000038_0 TaskAttempt Transitioned from NEW to UNASSIGNED
2024-03-09 16:56:05,630 INFO [org.apache.hadoop.mapreduce.v2.app.job.impl.TaskAttemptImpl] - attempt_0_0000_m_000039_0 TaskAttempt Transitioned from NEW to UNASSIGNED
2024-03-09 16:56:05,630 INFO [org.apache.hadoop.mapreduce.v2.app.job.impl.TaskAttemptImpl] - attempt_0_0000_m_000040_0 TaskAttempt Transitioned from NEW to UNASSIGNED
2024-03-09 16:56:05,630 INFO [org.apache.hadoop.mapreduce.v2.app.job.impl.TaskAttemptImpl] - attempt_0_0000_m_000041_0 TaskAttempt Transitioned from NEW to UNASSIGNED
2024-03-09 16:56:05,630 INFO [org.apache.hadoop.mapreduce.v2.app.job.impl.TaskAttemptImpl] - attempt_0_0000_m_000042_0 TaskAttempt Transitioned from NEW to UNASSIGNED
2024-03-09 16:56:05,631 INFO [org.apache.hadoop.mapreduce.v2.app.job.impl.TaskAttemptImpl] - attempt_0_0000_m_000043_0 TaskAttempt Transitioned from NEW to UNASSIGNED
2024-03-09 16:56:05,631 INFO [org.apache.hadoop.mapreduce.v2.app.job.impl.TaskAttemptImpl] - attempt_0_0000_m_000044_0 TaskAttempt Transitioned from NEW to UNASSIGNED
2024-03-09 16:56:05,631 INFO [org.apache.hadoop.mapreduce.v2.app.job.impl.TaskAttemptImpl] - attempt_0_0000_m_000045_0 TaskAttempt Transitioned from NEW to UNASSIGNED
2024-03-09 16:56:05,631 INFO [org.apache.hadoop.mapreduce.v2.app.job.impl.TaskAttemptImpl] - attempt_0_0000_m_000046_0 TaskAttempt Transitioned from NEW to UNASSIGNED
2024-03-09 16:56:05,631 INFO [org.apache.hadoop.mapreduce.v2.app.job.impl.TaskAttemptImpl] - attempt_0_0000_m_000047_0 TaskAttempt Transitioned from NEW to UNASSIGNED
2024-03-09 16:56:05,631 INFO [org.apache.hadoop.mapreduce.v2.app.job.impl.TaskAttemptImpl] - attempt_0_0000_m_000048_0 TaskAttempt Transitioned from NEW to UNASSIGNED
2024-03-09 16:56:05,631 INFO [org.apache.hadoop.mapreduce.v2.app.job.impl.TaskAttemptImpl] - attempt_0_0000_m_000049_0 TaskAttempt Transitioned from NEW to UNASSIGNED
2024-03-09 16:56:05,631 INFO [org.apache.hadoop.mapreduce.v2.app.job.impl.TaskAttemptImpl] - attempt_0_0000_m_000050_0 TaskAttempt Transitioned from NEW to UNASSIGNED
2024-03-09 16:56:05,631 INFO [org.apache.hadoop.mapreduce.v2.app.job.impl.TaskAttemptImpl] - attempt_0_0000_m_000051_0 TaskAttempt Transitioned from NEW to UNASSIGNED
2024-03-09 16:56:05,631 INFO [org.apache.hadoop.mapreduce.v2.app.job.impl.TaskAttemptImpl] - attempt_0_0000_m_000052_0 TaskAttempt Transitioned from NEW to UNASSIGNED
2024-03-09 16:56:05,631 INFO [org.apache.hadoop.mapreduce.v2.app.job.impl.TaskAttemptImpl] - attempt_0_0000_m_000053_0 TaskAttempt Transitioned from NEW to UNASSIGNED
2024-03-09 16:56:05,631 INFO [org.apache.hadoop.mapreduce.v2.app.job.impl.TaskAttemptImpl] - attempt_0_0000_m_000054_0 TaskAttempt Transitioned from NEW to UNASSIGNED
2024-03-09 16:56:05,631 INFO [org.apache.hadoop.mapreduce.v2.app.job.impl.TaskAttemptImpl] - attempt_0_0000_m_000055_0 TaskAttempt Transitioned from NEW to UNASSIGNED
2024-03-09 16:56:05,631 INFO [org.apache.hadoop.mapreduce.v2.app.job.impl.TaskAttemptImpl] - attempt_0_0000_m_000056_0 TaskAttempt Transitioned from NEW to UNASSIGNED
2024-03-09 16:56:05,631 INFO [org.apache.hadoop.mapreduce.v2.app.job.impl.TaskAttemptImpl] - attempt_0_0000_m_000057_0 TaskAttempt Transitioned from NEW to UNASSIGNED
2024-03-09 16:56:05,631 INFO [org.apache.hadoop.mapreduce.v2.app.job.impl.TaskAttemptImpl] - attempt_0_0000_m_000058_0 TaskAttempt Transitioned from NEW to UNASSIGNED
2024-03-09 16:56:05,631 INFO [org.apache.hadoop.mapreduce.v2.app.job.impl.TaskAttemptImpl] - attempt_0_0000_m_000059_0 TaskAttempt Transitioned from NEW to UNASSIGNED
2024-03-09 16:56:05,631 INFO [org.apache.hadoop.mapreduce.v2.app.job.impl.TaskAttemptImpl] - attempt_0_0000_m_000060_0 TaskAttempt Transitioned from NEW to UNASSIGNED
2024-03-09 16:56:05,634 INFO [org.apache.hadoop.mapreduce.v2.app.job.impl.TaskAttemptImpl] - attempt_0_0000_m_000061_0 TaskAttempt Transitioned from NEW to UNASSIGNED
2024-03-09 16:56:05,635 INFO [org.apache.hadoop.mapreduce.v2.app.job.impl.TaskAttemptImpl] - attempt_0_0000_m_000062_0 TaskAttempt Transitioned from NEW to UNASSIGNED
2024-03-09 16:56:05,635 INFO [org.apache.hadoop.mapreduce.v2.app.job.impl.TaskAttemptImpl] - attempt_0_0000_m_000063_0 TaskAttempt Transitioned from NEW to UNASSIGNED
2024-03-09 16:56:05,636 INFO [org.apache.hadoop.mapreduce.v2.app.job.impl.TaskAttemptImpl] - attempt_0_0000_m_000064_0 TaskAttempt Transitioned from NEW to UNASSIGNED
2024-03-09 16:56:05,636 INFO [org.apache.hadoop.mapreduce.v2.app.job.impl.TaskAttemptImpl] - attempt_0_0000_m_000065_0 TaskAttempt Transitioned from NEW to UNASSIGNED
2024-03-09 16:56:05,636 INFO [org.apache.hadoop.mapreduce.v2.app.job.impl.TaskAttemptImpl] - attempt_0_0000_m_000066_0 TaskAttempt Transitioned from NEW to UNASSIGNED
2024-03-09 16:56:05,636 INFO [org.apache.hadoop.mapreduce.v2.app.job.impl.TaskAttemptImpl] - attempt_0_0000_m_000067_0 TaskAttempt Transitioned from NEW to UNASSIGNED
2024-03-09 16:56:05,636 INFO [org.apache.hadoop.mapreduce.v2.app.job.impl.TaskAttemptImpl] - attempt_0_0000_m_000068_0 TaskAttempt Transitioned from NEW to UNASSIGNED
2024-03-09 16:56:05,636 INFO [org.apache.hadoop.mapreduce.v2.app.job.impl.TaskAttemptImpl] - attempt_0_0000_m_000069_0 TaskAttempt Transitioned from NEW to UNASSIGNED
2024-03-09 16:56:05,636 INFO [org.apache.hadoop.mapreduce.v2.app.job.impl.TaskAttemptImpl] - attempt_0_0000_m_000070_0 TaskAttempt Transitioned from NEW to UNASSIGNED
2024-03-09 16:56:05,636 INFO [org.apache.hadoop.mapreduce.v2.app.job.impl.TaskAttemptImpl] - attempt_0_0000_m_000071_0 TaskAttempt Transitioned from NEW to UNASSIGNED
2024-03-09 16:56:05,636 INFO [org.apache.hadoop.mapreduce.v2.app.job.impl.TaskAttemptImpl] - attempt_0_0000_m_000072_0 TaskAttempt Transitioned from NEW to UNASSIGNED
2024-03-09 16:56:05,637 INFO [org.apache.hadoop.mapreduce.v2.app.job.impl.TaskAttemptImpl] - attempt_0_0000_m_000073_0 TaskAttempt Transitioned from NEW to UNASSIGNED
2024-03-09 16:56:05,637 INFO [org.apache.hadoop.mapreduce.v2.app.job.impl.TaskAttemptImpl] - attempt_0_0000_m_000074_0 TaskAttempt Transitioned from NEW to UNASSIGNED
2024-03-09 16:56:05,637 INFO [org.apache.hadoop.mapreduce.v2.app.job.impl.TaskAttemptImpl] - attempt_0_0000_m_000075_0 TaskAttempt Transitioned from NEW to UNASSIGNED
2024-03-09 16:56:05,638 INFO [org.apache.hadoop.mapreduce.v2.app.job.impl.TaskAttemptImpl] - attempt_0_0000_m_000076_0 TaskAttempt Transitioned from NEW to UNASSIGNED
2024-03-09 16:56:05,639 INFO [org.apache.hadoop.mapreduce.v2.app.job.impl.TaskAttemptImpl] - attempt_0_0000_m_000077_0 TaskAttempt Transitioned from NEW to UNASSIGNED
2024-03-09 16:56:05,639 INFO [org.apache.hadoop.mapreduce.v2.app.job.impl.TaskAttemptImpl] - attempt_0_0000_m_000078_0 TaskAttempt Transitioned from NEW to UNASSIGNED
2024-03-09 16:56:05,639 INFO [org.apache.hadoop.mapreduce.v2.app.job.impl.TaskAttemptImpl] - attempt_0_0000_m_000079_0 TaskAttempt Transitioned from NEW to UNASSIGNED
2024-03-09 16:56:05,639 INFO [org.apache.hadoop.mapreduce.v2.app.job.impl.TaskAttemptImpl] - attempt_0_0000_m_000080_0 TaskAttempt Transitioned from NEW to UNASSIGNED
2024-03-09 16:56:05,639 INFO [org.apache.hadoop.mapreduce.v2.app.job.impl.TaskAttemptImpl] - attempt_0_0000_m_000081_0 TaskAttempt Transitioned from NEW to UNASSIGNED
2024-03-09 16:56:05,669 INFO [org.apache.hadoop.mapreduce.v2.app.job.impl.TaskAttemptImpl] - attempt_0_0000_m_000082_0 TaskAttempt Transitioned from NEW to UNASSIGNED
2024-03-09 16:56:05,669 INFO [org.apache.hadoop.mapreduce.v2.app.job.impl.TaskAttemptImpl] - attempt_0_0000_m_000083_0 TaskAttempt Transitioned from NEW to UNASSIGNED
2024-03-09 16:56:05,669 INFO [org.apache.hadoop.mapreduce.v2.app.job.impl.TaskAttemptImpl] - attempt_0_0000_m_000084_0 TaskAttempt Transitioned from NEW to UNASSIGNED
2024-03-09 16:56:05,669 INFO [org.apache.hadoop.mapreduce.v2.app.job.impl.TaskAttemptImpl] - attempt_0_0000_m_000085_0 TaskAttempt Transitioned from NEW to UNASSIGNED
2024-03-09 16:56:05,669 INFO [org.apache.hadoop.mapreduce.v2.app.job.impl.TaskAttemptImpl] - attempt_0_0000_m_000086_0 TaskAttempt Transitioned from NEW to UNASSIGNED
2024-03-09 16:56:05,669 INFO [org.apache.hadoop.mapreduce.v2.app.job.impl.TaskAttemptImpl] - attempt_0_0000_m_000087_0 TaskAttempt Transitioned from NEW to UNASSIGNED
2024-03-09 16:56:05,669 INFO [org.apache.hadoop.mapreduce.v2.app.job.impl.TaskAttemptImpl] - attempt_0_0000_m_000088_0 TaskAttempt Transitioned from NEW to UNASSIGNED
2024-03-09 16:56:05,678 INFO [org.apache.hadoop.mapreduce.v2.app.job.impl.TaskAttemptImpl] - attempt_0_0000_m_000089_0 TaskAttempt Transitioned from NEW to UNASSIGNED
2024-03-09 16:56:05,678 INFO [org.apache.hadoop.mapreduce.v2.app.job.impl.TaskAttemptImpl] - attempt_0_0000_m_000090_0 TaskAttempt Transitioned from NEW to UNASSIGNED
2024-03-09 16:56:05,678 INFO [org.apache.hadoop.mapreduce.v2.app.job.impl.TaskAttemptImpl] - attempt_0_0000_m_000091_0 TaskAttempt Transitioned from NEW to UNASSIGNED
2024-03-09 16:56:05,678 INFO [org.apache.hadoop.mapreduce.v2.app.job.impl.TaskAttemptImpl] - attempt_0_0000_m_000092_0 TaskAttempt Transitioned from NEW to UNASSIGNED
2024-03-09 16:56:05,679 INFO [org.apache.hadoop.mapreduce.v2.app.job.impl.TaskAttemptImpl] - attempt_0_0000_m_000093_0 TaskAttempt Transitioned from NEW to UNASSIGNED
2024-03-09 16:56:05,679 INFO [org.apache.hadoop.mapreduce.v2.app.job.impl.TaskAttemptImpl] - attempt_0_0000_m_000094_0 TaskAttempt Transitioned from NEW to UNASSIGNED
2024-03-09 16:56:05,679 INFO [org.apache.hadoop.mapreduce.v2.app.job.impl.TaskAttemptImpl] - attempt_0_0000_m_000095_0 TaskAttempt Transitioned from NEW to UNASSIGNED
2024-03-09 16:56:05,679 INFO [org.apache.hadoop.mapreduce.v2.app.job.impl.TaskAttemptImpl] - attempt_0_0000_m_000096_0 TaskAttempt Transitioned from NEW to UNASSIGNED
2024-03-09 16:56:05,679 INFO [org.apache.hadoop.mapreduce.v2.app.job.impl.TaskAttemptImpl] - attempt_0_0000_m_000097_0 TaskAttempt Transitioned from NEW to UNASSIGNED
2024-03-09 16:56:05,679 INFO [org.apache.hadoop.mapreduce.v2.app.job.impl.TaskAttemptImpl] - attempt_0_0000_m_000098_0 TaskAttempt Transitioned from NEW to UNASSIGNED
2024-03-09 16:56:05,679 INFO [org.apache.hadoop.mapreduce.v2.app.job.impl.TaskAttemptImpl] - attempt_0_0000_m_000099_0 TaskAttempt Transitioned from NEW to UNASSIGNED
2024-03-09 16:56:05,717 INFO [org.apache.hadoop.mapreduce.v2.app.client.MRClientService] - Kill task attempt received from client attempt_0_0000_m_000000_0
2024-03-09 16:56:05,720 INFO [org.apache.hadoop.mapreduce.v2.app.client.MRClientService] - Kill task attempt received from client attempt_0_0000_m_000001_0
2024-03-09 16:56:05,720 INFO [org.apache.hadoop.mapreduce.v2.app.client.MRClientService] - Kill task attempt received from client attempt_0_0000_m_000002_0
2024-03-09 16:56:05,721 INFO [org.apache.hadoop.mapreduce.v2.app.client.MRClientService] - Kill task attempt received from client attempt_0_0000_m_000003_0
2024-03-09 16:56:05,721 INFO [org.apache.hadoop.mapreduce.v2.app.client.MRClientService] - Kill task attempt received from client attempt_0_0000_m_000004_0
2024-03-09 16:56:05,721 INFO [org.apache.hadoop.mapreduce.v2.app.client.MRClientService] - Kill task attempt received from client attempt_0_0000_m_000005_0
2024-03-09 16:56:05,721 INFO [org.apache.hadoop.mapreduce.v2.app.client.MRClientService] - Kill task attempt received from client attempt_0_0000_m_000006_0
2024-03-09 16:56:05,721 INFO [org.apache.hadoop.mapreduce.v2.app.client.MRClientService] - Kill task attempt received from client attempt_0_0000_m_000007_0
2024-03-09 16:56:05,721 INFO [org.apache.hadoop.mapreduce.v2.app.client.MRClientService] - Kill task attempt received from client attempt_0_0000_m_000008_0
2024-03-09 16:56:05,721 INFO [org.apache.hadoop.mapreduce.v2.app.client.MRClientService] - Kill task attempt received from client attempt_0_0000_m_000009_0
2024-03-09 16:56:05,721 INFO [org.apache.hadoop.mapreduce.v2.app.client.MRClientService] - Kill task attempt received from client attempt_0_0000_m_000010_0
2024-03-09 16:56:05,721 INFO [org.apache.hadoop.mapreduce.v2.app.client.MRClientService] - Kill task attempt received from client attempt_0_0000_m_000011_0
2024-03-09 16:56:05,721 INFO [org.apache.hadoop.mapreduce.v2.app.client.MRClientService] - Kill task attempt received from client attempt_0_0000_m_000012_0
2024-03-09 16:56:05,721 INFO [org.apache.hadoop.mapreduce.v2.app.client.MRClientService] - Kill task attempt received from client attempt_0_0000_m_000013_0
2024-03-09 16:56:05,721 INFO [org.apache.hadoop.mapreduce.v2.app.client.MRClientService] - Kill task attempt received from client attempt_0_0000_m_000014_0
2024-03-09 16:56:05,721 INFO [org.apache.hadoop.mapreduce.v2.app.client.MRClientService] - Kill task attempt received from client attempt_0_0000_m_000015_0
2024-03-09 16:56:05,722 INFO [org.apache.hadoop.mapreduce.v2.app.client.MRClientService] - Kill task attempt received from client attempt_0_0000_m_000016_0
2024-03-09 16:56:05,725 INFO [org.apache.hadoop.mapreduce.v2.app.client.MRClientService] - Kill task attempt received from client attempt_0_0000_m_000017_0
2024-03-09 16:56:05,725 INFO [org.apache.hadoop.mapreduce.v2.app.client.MRClientService] - Kill task attempt received from client attempt_0_0000_m_000018_0
2024-03-09 16:56:05,726 INFO [org.apache.hadoop.mapreduce.v2.app.client.MRClientService] - Kill task attempt received from client attempt_0_0000_m_000019_0
2024-03-09 16:56:05,726 INFO [org.apache.hadoop.mapreduce.v2.app.client.MRClientService] - Kill task attempt received from client attempt_0_0000_m_000020_0
2024-03-09 16:56:05,726 INFO [org.apache.hadoop.mapreduce.v2.app.client.MRClientService] - Kill task attempt received from client attempt_0_0000_m_000021_0
2024-03-09 16:56:05,726 INFO [org.apache.hadoop.mapreduce.v2.app.client.MRClientService] - Kill task attempt received from client attempt_0_0000_m_000022_0
2024-03-09 16:56:05,726 INFO [org.apache.hadoop.mapreduce.v2.app.client.MRClientService] - Kill task attempt received from client attempt_0_0000_m_000023_0
2024-03-09 16:56:05,726 INFO [org.apache.hadoop.mapreduce.v2.app.client.MRClientService] - Kill task attempt received from client attempt_0_0000_m_000024_0
2024-03-09 16:56:05,726 INFO [org.apache.hadoop.mapreduce.v2.app.client.MRClientService] - Kill task attempt received from client attempt_0_0000_m_000025_0
2024-03-09 16:56:05,726 INFO [org.apache.hadoop.mapreduce.v2.app.client.MRClientService] - Kill task attempt received from client attempt_0_0000_m_000026_0
2024-03-09 16:56:05,726 INFO [org.apache.hadoop.mapreduce.v2.app.client.MRClientService] - Kill task attempt received from client attempt_0_0000_m_000027_0
2024-03-09 16:56:05,726 INFO [org.apache.hadoop.mapreduce.v2.app.client.MRClientService] - Kill task attempt received from client attempt_0_0000_m_000028_0
2024-03-09 16:56:05,726 INFO [org.apache.hadoop.mapreduce.v2.app.client.MRClientService] - Kill task attempt received from client attempt_0_0000_m_000029_0
2024-03-09 16:56:05,726 INFO [org.apache.hadoop.mapreduce.v2.app.client.MRClientService] - Kill task attempt received from client attempt_0_0000_m_000030_0
2024-03-09 16:56:05,726 INFO [org.apache.hadoop.mapreduce.v2.app.client.MRClientService] - Kill task attempt received from client attempt_0_0000_m_000031_0
2024-03-09 16:56:05,726 INFO [org.apache.hadoop.mapreduce.v2.app.client.MRClientService] - Kill task attempt received from client attempt_0_0000_m_000032_0
2024-03-09 16:56:05,726 INFO [org.apache.hadoop.mapreduce.v2.app.client.MRClientService] - Kill task attempt received from client attempt_0_0000_m_000033_0
2024-03-09 16:56:05,726 INFO [org.apache.hadoop.mapreduce.v2.app.client.MRClientService] - Kill task attempt received from client attempt_0_0000_m_000034_0
2024-03-09 16:56:05,726 INFO [org.apache.hadoop.mapreduce.v2.app.client.MRClientService] - Kill task attempt received from client attempt_0_0000_m_000035_0
2024-03-09 16:56:05,726 INFO [org.apache.hadoop.mapreduce.v2.app.client.MRClientService] - Kill task attempt received from client attempt_0_0000_m_000036_0
2024-03-09 16:56:05,726 INFO [org.apache.hadoop.mapreduce.v2.app.client.MRClientService] - Kill task attempt received from client attempt_0_0000_m_000037_0
2024-03-09 16:56:05,726 INFO [org.apache.hadoop.mapreduce.v2.app.client.MRClientService] - Kill task attempt received from client attempt_0_0000_m_000038_0
2024-03-09 16:56:05,726 INFO [org.apache.hadoop.mapreduce.v2.app.client.MRClientService] - Kill task attempt received from client attempt_0_0000_m_000039_0
2024-03-09 16:56:05,726 INFO [org.apache.hadoop.mapreduce.v2.app.client.MRClientService] - Kill task attempt received from client attempt_0_0000_m_000040_0
2024-03-09 16:56:05,726 INFO [org.apache.hadoop.mapreduce.v2.app.client.MRClientService] - Kill task attempt received from client attempt_0_0000_m_000041_0
2024-03-09 16:56:05,726 INFO [org.apache.hadoop.mapreduce.v2.app.client.MRClientService] - Kill task attempt received from client attempt_0_0000_m_000042_0
2024-03-09 16:56:05,726 INFO [org.apache.hadoop.mapreduce.v2.app.client.MRClientService] - Kill task attempt received from client attempt_0_0000_m_000043_0
2024-03-09 16:56:05,726 INFO [org.apache.hadoop.mapreduce.v2.app.client.MRClientService] - Kill task attempt received from client attempt_0_0000_m_000044_0
2024-03-09 16:56:05,726 INFO [org.apache.hadoop.mapreduce.v2.app.client.MRClientService] - Kill task attempt received from client attempt_0_0000_m_000045_0
2024-03-09 16:56:05,726 INFO [org.apache.hadoop.mapreduce.v2.app.client.MRClientService] - Kill task attempt received from client attempt_0_0000_m_000046_0
2024-03-09 16:56:05,726 INFO [org.apache.hadoop.mapreduce.v2.app.client.MRClientService] - Kill task attempt received from client attempt_0_0000_m_000047_0
2024-03-09 16:56:05,727 INFO [org.apache.hadoop.mapreduce.v2.app.client.MRClientService] - Kill task attempt received from client attempt_0_0000_m_000048_0
2024-03-09 16:56:05,727 INFO [org.apache.hadoop.mapreduce.v2.app.client.MRClientService] - Kill task attempt received from client attempt_0_0000_m_000049_0
2024-03-09 16:56:05,727 INFO [org.apache.hadoop.mapreduce.v2.app.client.MRClientService] - Kill task attempt received from client attempt_0_0000_m_000050_0
2024-03-09 16:56:05,727 INFO [org.apache.hadoop.mapreduce.v2.app.client.MRClientService] - Kill task attempt received from client attempt_0_0000_m_000051_0
2024-03-09 16:56:05,727 INFO [org.apache.hadoop.mapreduce.v2.app.client.MRClientService] - Kill task attempt received from client attempt_0_0000_m_000052_0
2024-03-09 16:56:05,727 INFO [org.apache.hadoop.mapreduce.v2.app.client.MRClientService] - Kill task attempt received from client attempt_0_0000_m_000053_0
2024-03-09 16:56:05,727 INFO [org.apache.hadoop.mapreduce.v2.app.client.MRClientService] - Kill task attempt received from client attempt_0_0000_m_000054_0
2024-03-09 16:56:05,727 INFO [org.apache.hadoop.mapreduce.v2.app.client.MRClientService] - Kill task attempt received from client attempt_0_0000_m_000055_0
2024-03-09 16:56:05,727 INFO [org.apache.hadoop.mapreduce.v2.app.client.MRClientService] - Kill task attempt received from client attempt_0_0000_m_000056_0
2024-03-09 16:56:05,727 INFO [org.apache.hadoop.mapreduce.v2.app.client.MRClientService] - Kill task attempt received from client attempt_0_0000_m_000057_0
2024-03-09 16:56:05,727 INFO [org.apache.hadoop.mapreduce.v2.app.client.MRClientService] - Kill task attempt received from client attempt_0_0000_m_000058_0
2024-03-09 16:56:05,727 INFO [org.apache.hadoop.mapreduce.v2.app.client.MRClientService] - Kill task attempt received from client attempt_0_0000_m_000059_0
2024-03-09 16:56:05,727 INFO [org.apache.hadoop.mapreduce.v2.app.client.MRClientService] - Kill task attempt received from client attempt_0_0000_m_000060_0
2024-03-09 16:56:05,727 INFO [org.apache.hadoop.mapreduce.v2.app.client.MRClientService] - Kill task attempt received from client attempt_0_0000_m_000061_0
2024-03-09 16:56:05,727 INFO [org.apache.hadoop.mapreduce.v2.app.client.MRClientService] - Kill task attempt received from client attempt_0_0000_m_000062_0
2024-03-09 16:56:05,727 INFO [org.apache.hadoop.mapreduce.v2.app.client.MRClientService] - Kill task attempt received from client attempt_0_0000_m_000063_0
2024-03-09 16:56:05,727 INFO [org.apache.hadoop.mapreduce.v2.app.client.MRClientService] - Kill task attempt received from client attempt_0_0000_m_000064_0
2024-03-09 16:56:05,727 INFO [org.apache.hadoop.mapreduce.v2.app.client.MRClientService] - Kill task attempt received from client attempt_0_0000_m_000065_0
2024-03-09 16:56:05,727 INFO [org.apache.hadoop.mapreduce.v2.app.client.MRClientService] - Kill task attempt received from client attempt_0_0000_m_000066_0
2024-03-09 16:56:05,727 INFO [org.apache.hadoop.mapreduce.v2.app.client.MRClientService] - Kill task attempt received from client attempt_0_0000_m_000067_0
2024-03-09 16:56:05,727 INFO [org.apache.hadoop.mapreduce.v2.app.client.MRClientService] - Kill task attempt received from client attempt_0_0000_m_000068_0
2024-03-09 16:56:05,727 INFO [org.apache.hadoop.mapreduce.v2.app.client.MRClientService] - Kill task attempt received from client attempt_0_0000_m_000069_0
2024-03-09 16:56:05,727 INFO [org.apache.hadoop.mapreduce.v2.app.client.MRClientService] - Kill task attempt received from client attempt_0_0000_m_000070_0
2024-03-09 16:56:05,727 INFO [org.apache.hadoop.mapreduce.v2.app.client.MRClientService] - Kill task attempt received from client attempt_0_0000_m_000071_0
2024-03-09 16:56:05,727 INFO [org.apache.hadoop.mapreduce.v2.app.client.MRClientService] - Kill task attempt received from client attempt_0_0000_m_000072_0
2024-03-09 16:56:05,727 INFO [org.apache.hadoop.mapreduce.v2.app.client.MRClientService] - Kill task attempt received from client attempt_0_0000_m_000073_0
2024-03-09 16:56:05,727 INFO [org.apache.hadoop.mapreduce.v2.app.client.MRClientService] - Kill task attempt received from client attempt_0_0000_m_000074_0
2024-03-09 16:56:05,727 INFO [org.apache.hadoop.mapreduce.v2.app.client.MRClientService] - Kill task attempt received from client attempt_0_0000_m_000075_0
2024-03-09 16:56:05,727 INFO [org.apache.hadoop.mapreduce.v2.app.client.MRClientService] - Kill task attempt received from client attempt_0_0000_m_000076_0
2024-03-09 16:56:05,727 INFO [org.apache.hadoop.mapreduce.v2.app.client.MRClientService] - Kill task attempt received from client attempt_0_0000_m_000077_0
2024-03-09 16:56:05,727 INFO [org.apache.hadoop.mapreduce.v2.app.client.MRClientService] - Kill task attempt received from client attempt_0_0000_m_000078_0
2024-03-09 16:56:05,727 INFO [org.apache.hadoop.mapreduce.v2.app.client.MRClientService] - Kill task attempt received from client attempt_0_0000_m_000079_0
2024-03-09 16:56:05,727 INFO [org.apache.hadoop.mapreduce.v2.app.client.MRClientService] - Kill task attempt received from client attempt_0_0000_m_000080_0
2024-03-09 16:56:05,727 INFO [org.apache.hadoop.mapreduce.v2.app.client.MRClientService] - Kill task attempt received from client attempt_0_0000_m_000081_0
2024-03-09 16:56:05,727 INFO [org.apache.hadoop.mapreduce.v2.app.client.MRClientService] - Kill task attempt received from client attempt_0_0000_m_000082_0
2024-03-09 16:56:05,727 INFO [org.apache.hadoop.mapreduce.v2.app.client.MRClientService] - Kill task attempt received from client attempt_0_0000_m_000083_0
2024-03-09 16:56:05,727 INFO [org.apache.hadoop.mapreduce.v2.app.client.MRClientService] - Kill task attempt received from client attempt_0_0000_m_000084_0
2024-03-09 16:56:05,727 INFO [org.apache.hadoop.mapreduce.v2.app.client.MRClientService] - Kill task attempt received from client attempt_0_0000_m_000085_0
2024-03-09 16:56:05,727 INFO [org.apache.hadoop.mapreduce.v2.app.client.MRClientService] - Kill task attempt received from client attempt_0_0000_m_000086_0
2024-03-09 16:56:05,727 INFO [org.apache.hadoop.mapreduce.v2.app.client.MRClientService] - Kill task attempt received from client attempt_0_0000_m_000087_0
2024-03-09 16:56:05,727 INFO [org.apache.hadoop.mapreduce.v2.app.client.MRClientService] - Kill task attempt received from client attempt_0_0000_m_000088_0
2024-03-09 16:56:05,727 INFO [org.apache.hadoop.mapreduce.v2.app.client.MRClientService] - Kill task attempt received from client attempt_0_0000_m_000089_0
2024-03-09 16:56:05,727 INFO [org.apache.hadoop.mapreduce.v2.app.client.MRClientService] - Kill task attempt received from client attempt_0_0000_m_000090_0
2024-03-09 16:56:05,727 INFO [org.apache.hadoop.mapreduce.v2.app.client.MRClientService] - Kill task attempt received from client attempt_0_0000_m_000091_0
2024-03-09 16:56:05,727 INFO [org.apache.hadoop.mapreduce.v2.app.client.MRClientService] - Kill task attempt received from client attempt_0_0000_m_000092_0
2024-03-09 16:56:05,727 INFO [org.apache.hadoop.mapreduce.v2.app.client.MRClientService] - Kill task attempt received from client attempt_0_0000_m_000093_0
2024-03-09 16:56:05,727 INFO [org.apache.hadoop.mapreduce.v2.app.client.MRClientService] - Kill task attempt received from client attempt_0_0000_m_000094_0
2024-03-09 16:56:05,727 INFO [org.apache.hadoop.mapreduce.v2.app.client.MRClientService] - Kill task attempt received from client attempt_0_0000_m_000095_0
2024-03-09 16:56:05,727 INFO [org.apache.hadoop.mapreduce.v2.app.client.MRClientService] - Kill task attempt received from client attempt_0_0000_m_000096_0
2024-03-09 16:56:05,727 INFO [org.apache.hadoop.mapreduce.v2.app.client.MRClientService] - Kill task attempt received from client attempt_0_0000_m_000097_0
2024-03-09 16:56:05,727 INFO [org.apache.hadoop.mapreduce.v2.app.client.MRClientService] - Kill task attempt received from client attempt_0_0000_m_000098_0
2024-03-09 16:56:05,727 INFO [org.apache.hadoop.mapreduce.v2.app.client.MRClientService] - Kill task attempt received from client attempt_0_0000_m_000099_0
2024-03-09 16:56:05,734 ERROR [org.apache.hadoop.mapreduce.v2.app.job.impl.TaskAttemptImpl] - Can't handle this event at current state for attempt_0_0000_m_000000_0
org.apache.hadoop.yarn.state.InvalidStateTransitonException: Invalid event: TA_DIAGNOSTICS_UPDATE at UNASSIGNED
	at org.apache.hadoop.yarn.state.StateMachineFactory.doTransition(StateMachineFactory.java:301)
	at org.apache.hadoop.yarn.state.StateMachineFactory.access$300(StateMachineFactory.java:43)
	at org.apache.hadoop.yarn.state.StateMachineFactory$InternalStateMachine.doTransition(StateMachineFactory.java:443)
	at org.apache.hadoop.mapreduce.v2.app.job.impl.TaskAttemptImpl.handle(TaskAttemptImpl.java:941)
	at org.apache.hadoop.mapreduce.v2.app.job.impl.TaskAttemptImpl.handle(TaskAttemptImpl.java:133)
	at org.apache.hadoop.mapreduce.v2.app.MRAppMaster$TaskAttemptEventDispatcher.handle(MRAppMaster.java:912)
	at org.apache.hadoop.mapreduce.v2.app.MRAppMaster$TaskAttemptEventDispatcher.handle(MRAppMaster.java:904)
	at org.apache.hadoop.yarn.event.AsyncDispatcher.dispatch(AsyncDispatcher.java:125)
	at org.apache.hadoop.yarn.event.AsyncDispatcher$1.run(AsyncDispatcher.java:74)
	at java.lang.Thread.run(Thread.java:750)
2024-03-09 16:56:05,737 INFO [org.apache.hadoop.mapreduce.v2.app.job.impl.TaskAttemptImpl] - attempt_0_0000_m_000000_0 TaskAttempt Transitioned from UNASSIGNED to KILLED
